Loaded 2636 card definitions.

[--arch-weights: per-archetype rules of engagement - aggro races (board x0.5, life/finish x2)]
Imported 41 meta deck(s): eb03-by-nami, eb03-five-elders, eb03-green-mihawk, eb03-py-rosinante, eb03-up-luffy, op15-br-ace, op15-by-nami, op15-foxy, op15-g-bonney, op15-g-zoro, op15-purple-doffy, op15-py-crocodile, op15-rg-luffy, op15-up-luffy, op15-y-luffy, op16-black-teach, op16-black-yamato, op16-blue-buggy, op16-blue-lucy, op16-boa-hancock, op16-br-ace, op16-br-koby, op16-g-bonney, op16-g-mihawk, op16-g-zoro, op16-gb-luffy, op16-gp-lim, op16-gp-luffy, op16-kalgara, op16-krieg, op16-luffy-n-ace, op16-moria, op16-p-enel, op16-py-rosinante, op16-rayleigh, op16-red-ace, op16-red-shanks, op16-sengoku, op16-up-luffy, op16-uy-nami, op16-yb-teach

[--arch aggro: pool restricted to 5 deck(s): op15-foxy, op15-g-zoro, op16-br-koby, op16-g-zoro, op16-rayleigh]
  budget: beam=16 depth=16 nodes=3200 work=200000 truncLines=True turnCap=24

=== duel: gendefault vs BASELINE ===
  A(gendefault) wins 146 | B wins 154 | no-result 0
  A win rate = 48.7%   95% CI [43.1%, 54.3%]  (n=300 decided)
  => NOT significant - indistinguishable at this n

  === ADJUDICATION (rules-8.2 raw-Life tiebreak) ===
  9/300 games (3.0%) hit the turn cap and were decided on LIFE, not won
  --- OUTRIGHT wins only (n=291) ---
    aggro      49.5%  (144/291)
  --- ADJUDICATED only (n=9) ---
    aggro      22.2%  (  2/  9)

  === PLANNER win rate BY ITS OWN DECK ===
   30.0%  ( 18/ 60)  op16-rayleigh              OP12-001     [aggro   ] avgCost=2.1 blockers=0 counters=30 removal=32 searchers=25 lowLifePayoff=True altWin=''
   51.7%  ( 31/ 60)  op15-g-zoro                OP14-020     [aggro   ] avgCost=3.2 blockers=2 counters=34 removal=35 searchers=8 lowLifePayoff=True altWin=''
   51.7%  ( 31/ 60)  op16-br-koby               OP11-001     [aggro   ] avgCost=3.3 blockers=4 counters=33 removal=45 searchers=12 lowLifePayoff=False altWin=''
   53.3%  ( 32/ 60)  op16-g-zoro                OP12-020     [aggro   ] avgCost=3.3 blockers=0 counters=36 removal=33 searchers=8 lowLifePayoff=True altWin=''
   56.7%  ( 34/ 60)  op15-foxy                  OP07-059     [aggro   ] avgCost=3.4 blockers=4 counters=38 removal=41 searchers=7 lowLifePayoff=False altWin=''
  spread: worst 30.0%  best 56.7%  (5 decks)

  === PLANNER win rate BY OPPONENT DECK ===
   30.0%  ( 18/ 60)  op16-rayleigh              OP12-001     [aggro   ] avgCost=2.1 blockers=0 counters=30 removal=32 searchers=25 lowLifePayoff=True altWin=''
   51.7%  ( 31/ 60)  op15-g-zoro                OP14-020     [aggro   ] avgCost=3.2 blockers=2 counters=34 removal=35 searchers=8 lowLifePayoff=True altWin=''
   51.7%  ( 31/ 60)  op16-br-koby               OP11-001     [aggro   ] avgCost=3.3 blockers=4 counters=33 removal=45 searchers=12 lowLifePayoff=False altWin=''
   53.3%  ( 32/ 60)  op16-g-zoro                OP12-020     [aggro   ] avgCost=3.3 blockers=0 counters=36 removal=33 searchers=8 lowLifePayoff=True altWin=''
   56.7%  ( 34/ 60)  op15-foxy                  OP07-059     [aggro   ] avgCost=3.4 blockers=4 counters=38 removal=41 searchers=7 lowLifePayoff=False altWin=''
  spread: worst 30.0%  best 56.7%  (5 decks)

  === BY PLANNER'S OWN ARCHETYPE ===
  aggro      48.7%  (146/300)  95% CI [43.1%, 54.3%]

  === BY OPPONENT ARCHETYPE ===
  aggro      48.7%  (146/300)  95% CI [43.1%, 54.3%]
