Loaded 2636 card definitions.

Imported 41 meta deck(s): eb03-by-nami, eb03-five-elders, eb03-green-mihawk, eb03-py-rosinante, eb03-up-luffy, op15-br-ace, op15-by-nami, op15-foxy, op15-g-bonney, op15-g-zoro, op15-purple-doffy, op15-py-crocodile, op15-rg-luffy, op15-up-luffy, op15-y-luffy, op16-black-teach, op16-black-yamato, op16-blue-buggy, op16-blue-lucy, op16-boa-hancock, op16-br-ace, op16-br-koby, op16-g-bonney, op16-g-mihawk, op16-g-zoro, op16-gb-luffy, op16-gp-lim, op16-gp-luffy, op16-kalgara, op16-krieg, op16-luffy-n-ace, op16-moria, op16-p-enel, op16-py-rosinante, op16-rayleigh, op16-red-ace, op16-red-shanks, op16-sengoku, op16-up-luffy, op16-uy-nami, op16-yb-teach

  budget: beam=16 depth=16 nodes=3200 work=200000 truncLines=True turnCap=24

=== duel: gendefault vs BASELINE ===
  A(gendefault) wins 184 | B wins 116 | no-result 0
  A win rate = 61.3%   95% CI [55.7%, 66.7%]  (n=300 decided)
  => A is significantly STRONGER

  === ADJUDICATION (rules-8.2 raw-Life tiebreak) ===
  11/300 games (3.7%) hit the turn cap and were decided on LIFE, not won
  --- OUTRIGHT wins only (n=289) ---
    aggro      59.5%  ( 25/ 42)
    combo      71.9%  ( 23/ 32)
    control    77.1%  ( 37/ 48)
    midrange   58.1%  ( 97/167)
  --- ADJUDICATED only (n=11) ---
    midrange   18.2%  (  2/ 11)

  === PLANNER win rate BY ITS OWN DECK ===
    0.0%  (  0/  8)  op16-luffy-n-ace           ST30-001     [midrange] avgCost=3.7 blockers=6 counters=33 removal=37 searchers=14 lowLifePayoff=True altWin=''
   12.5%  (  1/  8)  op15-purple-doffy          OP14-060     [midrange] avgCost=4.5 blockers=0 counters=38 removal=46 searchers=13 lowLifePayoff=False altWin=''
   25.0%  (  2/  8)  eb03-green-mihawk          OP14-020     [midrange] avgCost=4.2 blockers=3 counters=35 removal=39 searchers=6 lowLifePayoff=True altWin=''
   25.0%  (  2/  8)  op15-g-zoro                OP14-020     [aggro   ] avgCost=3.2 blockers=2 counters=34 removal=35 searchers=8 lowLifePayoff=True altWin=''
   25.0%  (  2/  8)  op15-y-luffy               OP15-098     [midrange] avgCost=4.2 blockers=6 counters=40 removal=34 searchers=29 lowLifePayoff=True altWin=''
   37.5%  (  3/  8)  op16-gp-luffy              EB02-010     [midrange] avgCost=3.6 blockers=6 counters=33 removal=48 searchers=13 lowLifePayoff=False altWin=''
   37.5%  (  3/  8)  op16-g-bonney              OP07-019     [midrange] avgCost=4.4 blockers=5 counters=36 removal=37 searchers=5 lowLifePayoff=False altWin=''
   37.5%  (  3/  8)  op16-g-zoro                OP12-020     [aggro   ] avgCost=3.3 blockers=0 counters=36 removal=33 searchers=8 lowLifePayoff=True altWin=''
   37.5%  (  3/  8)  op16-kalgara               OP08-098     [midrange] avgCost=4.0 blockers=4 counters=39 removal=34 searchers=27 lowLifePayoff=True altWin=''
   50.0%  (  4/  8)  op15-rg-luffy              OP13-001     [midrange] avgCost=4.1 blockers=4 counters=32 removal=29 searchers=8 lowLifePayoff=False altWin=''
   50.0%  (  4/  8)  op16-red-ace               OP16-001     [combo   ] avgCost=4.8 blockers=10 counters=27 removal=32 searchers=20 lowLifePayoff=False altWin='blocker-trigger'
   50.0%  (  4/  8)  eb03-py-rosinante          OP12-061     [midrange] avgCost=3.8 blockers=11 counters=36 removal=33 searchers=16 lowLifePayoff=True altWin=''
   50.0%  (  4/  8)  op16-rayleigh              OP12-001     [aggro   ] avgCost=2.1 blockers=0 counters=30 removal=32 searchers=25 lowLifePayoff=True altWin=''
   50.0%  (  4/  8)  op16-gp-lim                OP09-022     [midrange] avgCost=4.0 blockers=4 counters=41 removal=33 searchers=4 lowLifePayoff=False altWin=''
   62.5%  (  5/  8)  op15-py-crocodile          OP04-058     [midrange] avgCost=4.5 blockers=7 counters=35 removal=34 searchers=20 lowLifePayoff=True altWin=''
   62.5%  (  5/  8)  op16-boa-hancock           OP14-041     [control ] avgCost=5.4 blockers=9 counters=31 removal=30 searchers=24 lowLifePayoff=True altWin=''
   62.5%  (  5/  8)  op15-by-nami               OP11-041     [control ] avgCost=4.7 blockers=11 counters=31 removal=47 searchers=13 lowLifePayoff=True altWin=''
   62.5%  (  5/  8)  op16-black-teach           OP09-081     [midrange] avgCost=3.5 blockers=11 counters=30 removal=46 searchers=12 lowLifePayoff=False altWin=''
   62.5%  (  5/  8)  op15-g-bonney              OP07-019     [midrange] avgCost=4.4 blockers=10 counters=34 removal=37 searchers=6 lowLifePayoff=False altWin=''
   62.5%  (  5/  8)  op16-krieg                 OP15-001     [midrange] avgCost=4.0 blockers=8 counters=41 removal=22 searchers=8 lowLifePayoff=False altWin=''
   70.0%  (  7/ 10)  eb03-by-nami               OP11-041     [midrange] avgCost=4.3 blockers=5 counters=31 removal=41 searchers=8 lowLifePayoff=True altWin=''
   75.0%  (  6/  8)  eb03-up-luffy              OP11-040     [control ] avgCost=5.8 blockers=8 counters=34 removal=33 searchers=8 lowLifePayoff=True altWin=''
   75.0%  (  6/  8)  op15-br-ace                OP13-002     [combo   ] avgCost=5.0 blockers=12 counters=28 removal=33 searchers=10 lowLifePayoff=True altWin='blocker-trigger'
   75.0%  (  6/  8)  op16-br-ace                OP13-002     [combo   ] avgCost=4.7 blockers=12 counters=26 removal=33 searchers=8 lowLifePayoff=True altWin='blocker-trigger'
   75.0%  (  6/  8)  op16-py-rosinante          OP12-061     [midrange] avgCost=3.5 blockers=15 counters=32 removal=41 searchers=17 lowLifePayoff=True altWin=''
   75.0%  (  6/  8)  op16-black-yamato          OP16-079     [midrange] avgCost=4.4 blockers=8 counters=42 removal=50 searchers=12 lowLifePayoff=False altWin=''
   75.0%  (  6/  8)  op16-yb-teach              OP16-080     [midrange] avgCost=4.2 blockers=7 counters=27 removal=45 searchers=14 lowLifePayoff=True altWin=''
   75.0%  (  6/  8)  op16-moria                 OP14-080     [midrange] avgCost=4.0 blockers=4 counters=27 removal=46 searchers=28 lowLifePayoff=True altWin=''
   87.5%  (  7/  8)  op16-up-luffy              OP11-040     [control ] avgCost=5.5 blockers=8 counters=33 removal=34 searchers=6 lowLifePayoff=False altWin=''
   87.5%  (  7/  8)  op15-up-luffy              OP11-040     [control ] avgCost=5.3 blockers=5 counters=34 removal=34 searchers=8 lowLifePayoff=True altWin=''
   87.5%  (  7/  8)  op16-br-koby               OP11-001     [aggro   ] avgCost=3.3 blockers=4 counters=33 removal=45 searchers=12 lowLifePayoff=False altWin=''
   87.5%  (  7/  8)  op16-red-shanks            OP09-001     [control ] avgCost=5.2 blockers=18 counters=36 removal=36 searchers=4 lowLifePayoff=False altWin=''
   87.5%  (  7/  8)  op16-g-mihawk              OP14-020     [midrange] avgCost=3.9 blockers=4 counters=34 removal=46 searchers=10 lowLifePayoff=True altWin=''
   87.5%  (  7/  8)  op16-blue-lucy             OP15-002     [combo   ] avgCost=2.9 blockers=4 counters=18 removal=34 searchers=10 lowLifePayoff=False altWin='blocker-trigger'
   87.5%  (  7/  8)  op16-sengoku               OP16-060     [midrange] avgCost=3.9 blockers=4 counters=29 removal=51 searchers=15 lowLifePayoff=False altWin=''
   90.0%  (  9/ 10)  op15-foxy                  OP07-059     [aggro   ] avgCost=3.4 blockers=4 counters=38 removal=41 searchers=7 lowLifePayoff=False altWin=''
  100.0%  (  8/  8)  eb03-five-elders           OP13-079     [midrange] avgCost=4.6 blockers=0 counters=40 removal=50 searchers=12 lowLifePayoff=True altWin=''
  spread: worst 0.0%  best 100.0%  (37 decks)

  === PLANNER win rate BY OPPONENT DECK ===
    0.0%  (  0/  8)  op16-luffy-n-ace           ST30-001     [midrange] avgCost=3.7 blockers=6 counters=33 removal=37 searchers=14 lowLifePayoff=True altWin=''
   12.5%  (  1/  8)  op15-purple-doffy          OP14-060     [midrange] avgCost=4.5 blockers=0 counters=38 removal=46 searchers=13 lowLifePayoff=False altWin=''
   25.0%  (  2/  8)  eb03-green-mihawk          OP14-020     [midrange] avgCost=4.2 blockers=3 counters=35 removal=39 searchers=6 lowLifePayoff=True altWin=''
   25.0%  (  2/  8)  op15-g-zoro                OP14-020     [aggro   ] avgCost=3.2 blockers=2 counters=34 removal=35 searchers=8 lowLifePayoff=True altWin=''
   25.0%  (  2/  8)  op15-y-luffy               OP15-098     [midrange] avgCost=4.2 blockers=6 counters=40 removal=34 searchers=29 lowLifePayoff=True altWin=''
   37.5%  (  3/  8)  op16-gp-luffy              EB02-010     [midrange] avgCost=3.6 blockers=6 counters=33 removal=48 searchers=13 lowLifePayoff=False altWin=''
   37.5%  (  3/  8)  op16-g-bonney              OP07-019     [midrange] avgCost=4.4 blockers=5 counters=36 removal=37 searchers=5 lowLifePayoff=False altWin=''
   37.5%  (  3/  8)  op16-g-zoro                OP12-020     [aggro   ] avgCost=3.3 blockers=0 counters=36 removal=33 searchers=8 lowLifePayoff=True altWin=''
   37.5%  (  3/  8)  op16-kalgara               OP08-098     [midrange] avgCost=4.0 blockers=4 counters=39 removal=34 searchers=27 lowLifePayoff=True altWin=''
   50.0%  (  4/  8)  op15-rg-luffy              OP13-001     [midrange] avgCost=4.1 blockers=4 counters=32 removal=29 searchers=8 lowLifePayoff=False altWin=''
   50.0%  (  4/  8)  op16-red-ace               OP16-001     [combo   ] avgCost=4.8 blockers=10 counters=27 removal=32 searchers=20 lowLifePayoff=False altWin='blocker-trigger'
   50.0%  (  4/  8)  eb03-py-rosinante          OP12-061     [midrange] avgCost=3.8 blockers=11 counters=36 removal=33 searchers=16 lowLifePayoff=True altWin=''
   50.0%  (  4/  8)  op16-rayleigh              OP12-001     [aggro   ] avgCost=2.1 blockers=0 counters=30 removal=32 searchers=25 lowLifePayoff=True altWin=''
   50.0%  (  4/  8)  op16-gp-lim                OP09-022     [midrange] avgCost=4.0 blockers=4 counters=41 removal=33 searchers=4 lowLifePayoff=False altWin=''
   62.5%  (  5/  8)  op15-py-crocodile          OP04-058     [midrange] avgCost=4.5 blockers=7 counters=35 removal=34 searchers=20 lowLifePayoff=True altWin=''
   62.5%  (  5/  8)  op16-boa-hancock           OP14-041     [control ] avgCost=5.4 blockers=9 counters=31 removal=30 searchers=24 lowLifePayoff=True altWin=''
   62.5%  (  5/  8)  op15-by-nami               OP11-041     [control ] avgCost=4.7 blockers=11 counters=31 removal=47 searchers=13 lowLifePayoff=True altWin=''
   62.5%  (  5/  8)  op16-black-teach           OP09-081     [midrange] avgCost=3.5 blockers=11 counters=30 removal=46 searchers=12 lowLifePayoff=False altWin=''
   62.5%  (  5/  8)  op15-g-bonney              OP07-019     [midrange] avgCost=4.4 blockers=10 counters=34 removal=37 searchers=6 lowLifePayoff=False altWin=''
   62.5%  (  5/  8)  op16-krieg                 OP15-001     [midrange] avgCost=4.0 blockers=8 counters=41 removal=22 searchers=8 lowLifePayoff=False altWin=''
   70.0%  (  7/ 10)  eb03-by-nami               OP11-041     [midrange] avgCost=4.3 blockers=5 counters=31 removal=41 searchers=8 lowLifePayoff=True altWin=''
   75.0%  (  6/  8)  eb03-up-luffy              OP11-040     [control ] avgCost=5.8 blockers=8 counters=34 removal=33 searchers=8 lowLifePayoff=True altWin=''
   75.0%  (  6/  8)  op15-br-ace                OP13-002     [combo   ] avgCost=5.0 blockers=12 counters=28 removal=33 searchers=10 lowLifePayoff=True altWin='blocker-trigger'
   75.0%  (  6/  8)  op16-br-ace                OP13-002     [combo   ] avgCost=4.7 blockers=12 counters=26 removal=33 searchers=8 lowLifePayoff=True altWin='blocker-trigger'
   75.0%  (  6/  8)  op16-py-rosinante          OP12-061     [midrange] avgCost=3.5 blockers=15 counters=32 removal=41 searchers=17 lowLifePayoff=True altWin=''
   75.0%  (  6/  8)  op16-black-yamato          OP16-079     [midrange] avgCost=4.4 blockers=8 counters=42 removal=50 searchers=12 lowLifePayoff=False altWin=''
   75.0%  (  6/  8)  op16-yb-teach              OP16-080     [midrange] avgCost=4.2 blockers=7 counters=27 removal=45 searchers=14 lowLifePayoff=True altWin=''
   75.0%  (  6/  8)  op16-moria                 OP14-080     [midrange] avgCost=4.0 blockers=4 counters=27 removal=46 searchers=28 lowLifePayoff=True altWin=''
   87.5%  (  7/  8)  op16-up-luffy              OP11-040     [control ] avgCost=5.5 blockers=8 counters=33 removal=34 searchers=6 lowLifePayoff=False altWin=''
   87.5%  (  7/  8)  op15-up-luffy              OP11-040     [control ] avgCost=5.3 blockers=5 counters=34 removal=34 searchers=8 lowLifePayoff=True altWin=''
   87.5%  (  7/  8)  op16-br-koby               OP11-001     [aggro   ] avgCost=3.3 blockers=4 counters=33 removal=45 searchers=12 lowLifePayoff=False altWin=''
   87.5%  (  7/  8)  op16-red-shanks            OP09-001     [control ] avgCost=5.2 blockers=18 counters=36 removal=36 searchers=4 lowLifePayoff=False altWin=''
   87.5%  (  7/  8)  op16-g-mihawk              OP14-020     [midrange] avgCost=3.9 blockers=4 counters=34 removal=46 searchers=10 lowLifePayoff=True altWin=''
   87.5%  (  7/  8)  op16-blue-lucy             OP15-002     [combo   ] avgCost=2.9 blockers=4 counters=18 removal=34 searchers=10 lowLifePayoff=False altWin='blocker-trigger'
   87.5%  (  7/  8)  op16-sengoku               OP16-060     [midrange] avgCost=3.9 blockers=4 counters=29 removal=51 searchers=15 lowLifePayoff=False altWin=''
   90.0%  (  9/ 10)  op15-foxy                  OP07-059     [aggro   ] avgCost=3.4 blockers=4 counters=38 removal=41 searchers=7 lowLifePayoff=False altWin=''
  100.0%  (  8/  8)  eb03-five-elders           OP13-079     [midrange] avgCost=4.6 blockers=0 counters=40 removal=50 searchers=12 lowLifePayoff=True altWin=''
  spread: worst 0.0%  best 100.0%  (37 decks)

  === BY PLANNER'S OWN ARCHETYPE ===
  aggro      59.5%  ( 25/ 42)  95% CI [44.5%, 73.0%]
  combo      71.9%  ( 23/ 32)  95% CI [54.6%, 84.4%]
  control    77.1%  ( 37/ 48)  95% CI [63.5%, 86.7%]
  midrange   55.6%  ( 99/178)  95% CI [48.3%, 62.7%]

  === BY OPPONENT ARCHETYPE ===
  aggro      59.5%  ( 25/ 42)  95% CI [44.5%, 73.0%]
  combo      71.9%  ( 23/ 32)  95% CI [54.6%, 84.4%]
  control    77.1%  ( 37/ 48)  95% CI [63.5%, 86.7%]
  midrange   55.6%  ( 99/178)  95% CI [48.3%, 62.7%]
